
=== Sat Oct 26 17:23:17 2024

Packages were changed.
Update Mode: updateDependencies

The following packages were added:
  com.unity.modules.accessibility@1.0.0
  com.unity.multiplayer.center@1.0.0
The following packages were updated:
  com.unity.ai.navigation from version 1.1.5 to 2.0.4
  com.unity.ide.rider from version 3.0.27 to 3.0.31
  com.unity.render-pipelines.universal from version 14.0.9 to 17.0.3
  com.unity.timeline from version 1.7.6 to 1.8.7
  com.unity.ugui from version 1.0.0 to 2.0.0
The following packages were removed:
  com.unity.textmeshpro@3.0.6

=== Tue Oct  7 08:29:10 2025

Packages were changed.
Update Mode: updateDependencies

The following packages were updated:
  com.unity.2d.tilemap.extras from version 4.0.2 to 5.0.1
  com.unity.ai.navigation from version 2.0.4 to 2.0.9
  com.unity.ide.visualstudio from version 2.0.22 to 2.0.23
  com.unity.render-pipelines.universal from version 17.0.3 to 17.2.0
  com.unity.timeline from version 1.8.7 to 1.8.9
